<?xml version="1.0" encoding="UTF-8"?>
<!-- Generated by org.testng.reporters.JUnitXMLReporter -->
<testsuite hostname="Michaels-MacBook-Pro.local" ignored="0" name="Test" tests="1" failures="1" timestamp="13 Jan 2018 08:44:19 GMT" time="51.085" errors="0">
  <testcase name="e2eOnlinerCatalogTest" time="35.077" classname="by.onliner.testcases.OnlinerFlowTestMaven">
    <failure type="java.lang.AssertionError">
      <![CDATA[java.lang.AssertionErrorat org.junit.Assert.fail(Assert.java:86)at org.junit.Assert.assertTrue(Assert.java:41)at org.junit.Assert.assertTrue(Assert.java:52)at by.onliner.app.pages.QuadrokoptersPage.verifyIsPriceSortedDesc(QuadrokoptersPage.java:78)at by.onliner.testcases.OnlinerFlowTestMaven.e2eOnlinerCatalogTest(OnlinerFlowTestMaven.java:38)... Removed 25 stack frames]]>
    </failure>
  </testcase> <!-- e2eOnlinerCatalogTest -->
</testsuite> <!-- Test -->
